npm verbose cli C:\Program Files\nodejs\node.exe C:\Program Files\nodejs\node_modules\npm\bin\npm-cli.js
npm info using npm@10.9.2
npm info using node@v22.13.1
npm verbose title npm install
npm verbose argv "install" "--loglevel" "verbose" "--no-audit" "--progress" "false"
npm verbose logfile logs-max:10 dir:C:\Users\ametr\AppData\Local\npm-cache\_logs\2026-07-02T22_26_13_678Z-
npm verbose logfile C:\Users\ametr\AppData\Local\npm-cache\_logs\2026-07-02T22_26_13_678Z-debug-0.log
npm http fetch GET 200 https://registry.npmjs.org/@emotion%2freact 189ms (cache miss)
npm http fetch GET 200 https://registry.npmjs.org/react 191ms (cache miss)
npm http fetch GET 200 https://registry.npmjs.org/@emotion%2fstyled 288ms (cache miss)
npm http fetch GET 200 https://registry.npmjs.org/@mui%2ficons-material 1166ms (cache miss)
npm http fetch GET 200 https://registry.npmjs.org/@mui%2fmaterial 317ms (cache miss)
npm http fetch GET 200 https://registry.npmjs.org/@mui%2fmaterial-pigment-css 265ms (cache miss)
npm http fetch GET 200 https://registry.npmjs.org/@pigment-css%2freact 179ms (cache miss)
npm http fetch GET 200 https://registry.npmjs.org/@types%2freact 124ms (cache miss)
npm http fetch GET 200 https://registry.npmjs.org/react-dom 204ms (cache miss)
npm http fetch GET 200 https://registry.npmjs.org/react-router-dom 181ms (cache miss)
npm http fetch GET 200 https://registry.npmjs.org/@types%2freact-dom 62ms (cache miss)
npm http fetch GET 200 https://registry.npmjs.org/@vitejs%2fplugin-react 55ms (cache miss)
npm http fetch GET 200 https://registry.npmjs.org/vite 1218ms (cache miss)
npm http fetch GET 200 https://registry.npmjs.org/@types%2fnode 224ms (cache miss)
npm http fetch GET 200 https://registry.npmjs.org/jiti 46ms (cache miss)
npm http fetch GET 200 https://registry.npmjs.org/less 44ms (cache miss)
npm http fetch GET 200 https://registry.npmjs.org/lightningcss 45ms (cache miss)
npm http fetch GET 200 https://registry.npmjs.org/sass 70ms (cache miss)
npm http fetch GET 200 https://registry.npmjs.org/sass-embedded 62ms (cache miss)
npm http fetch GET 200 https://registry.npmjs.org/stylus 43ms (cache miss)
npm http fetch GET 200 https://registry.npmjs.org/sugarss 32ms (cache miss)
npm http fetch GET 200 https://registry.npmjs.org/postcss 59ms (cache miss)
npm http fetch GET 200 https://registry.npmjs.org/terser 55ms (cache miss)
npm http fetch GET 200 https://registry.npmjs.org/tsx 45ms (cache miss)
npm http fetch GET 200 https://registry.npmjs.org/yaml 39ms (cache miss)
npm http fetch GET 200 https://registry.npmjs.org/typescript 250ms (cache miss)
npm http fetch GET 200 https://registry.npmjs.org/hoist-non-react-statics 131ms (cache miss)
npm http fetch GET 200 https://registry.npmjs.org/loose-envify 136ms (cache miss)
npm http fetch GET 200 https://registry.npmjs.org/@babel%2fruntime 151ms (cache miss)
npm http fetch GET 200 https://registry.npmjs.org/@emotion%2futils 228ms (cache miss)
npm http fetch GET 200 https://registry.npmjs.org/@emotion%2fbabel-plugin 232ms (cache miss)
npm http fetch GET 200 https://registry.npmjs.org/@emotion%2futils 236ms (cache miss)
npm http fetch GET 200 https://registry.npmjs.org/@emotion%2fbabel-plugin 98ms (cache miss)
npm http cache https://registry.npmjs.org/@babel%2fruntime 33ms (cache hit)
npm http fetch GET 200 https://registry.npmjs.org/clsx 80ms (cache miss)
npm http fetch GET 200 https://registry.npmjs.org/@emotion%2fis-prop-valid 117ms (cache miss)
npm http fetch GET 200 https://registry.npmjs.org/csstype 98ms (cache miss)
npm http fetch GET 200 https://registry.npmjs.org/@emotion%2fweak-memoize 348ms (cache miss)
npm http fetch GET 200 https://registry.npmjs.org/@babel%2fruntime 349ms (cache miss)
npm http fetch GET 200 https://registry.npmjs.org/@emotion%2fserialize 255ms (cache miss)
npm http fetch GET 200 https://registry.npmjs.org/@emotion%2fserialize 391ms (cache miss)
npm http fetch GET 200 https://registry.npmjs.org/@emotion%2fcache 394ms (cache miss)
npm http fetch GET 200 https://registry.npmjs.org/@emotion%2fuse-insertion-effect-with-fallbacks 170ms (cache miss)
npm http fetch GET 200 https://registry.npmjs.org/@emotion%2fuse-insertion-effect-with-fallbacks 403ms (cache miss)
npm http fetch GET 200 https://registry.npmjs.org/prop-types 76ms (cache miss)
npm http cache https://registry.npmjs.org/csstype 27ms (cache hit)
npm http fetch GET 200 https://registry.npmjs.org/@types%2fprop-types 70ms (cache miss)
npm http fetch GET 200 https://registry.npmjs.org/@mui%2ftypes 223ms (cache miss)
npm http fetch GET 200 https://registry.npmjs.org/react-transition-group 169ms (cache miss)
npm http fetch GET 200 https://registry.npmjs.org/@types%2freact-transition-group 175ms (cache miss)
npm http fetch GET 200 https://registry.npmjs.org/@popperjs%2fcore 206ms (cache miss)
npm http fetch GET 200 https://registry.npmjs.org/@babel%2fcore 187ms (cache miss)
npm http fetch GET 200 https://registry.npmjs.org/react-is 337ms (cache miss)
npm http fetch GET 200 https://registry.npmjs.org/@types%2fbabel__core 133ms (cache miss)
npm http fetch GET 200 https://registry.npmjs.org/@babel%2fplugin-transform-react-jsx-self 138ms (cache miss)
npm http fetch GET 200 https://registry.npmjs.org/@babel%2fplugin-transform-react-jsx-source 128ms (cache miss)
npm http fetch GET 200 https://registry.npmjs.org/@mui%2futils 393ms (cache miss)
npm http fetch GET 200 https://registry.npmjs.org/@mui%2fsystem 377ms (cache miss)
npm http fetch GET 200 https://registry.npmjs.org/@rolldown%2fpluginutils 180ms (cache miss)
npm http fetch GET 200 https://registry.npmjs.org/@mui%2fcore-downloads-tracker 353ms (cache miss)
npm http cache https://registry.npmjs.org/postcss 51ms (cache hit)
npm http fetch GET 200 https://registry.npmjs.org/fdir 152ms (cache miss)
npm http fetch GET 200 https://registry.npmjs.org/tinyglobby 74ms (cache miss)
npm http fetch GET 200 https://registry.npmjs.org/picomatch 87ms (cache miss)
npm http fetch GET 200 https://registry.npmjs.org/fsevents 93ms (cache miss)
npm http fetch GET 200 https://registry.npmjs.org/esbuild 167ms (cache miss)
npm http fetch GET 200 https://registry.npmjs.org/@remix-run%2frouter 120ms (cache miss)
npm http fetch GET 200 https://registry.npmjs.org/scheduler 497ms (cache miss)
npm http fetch GET 200 https://registry.npmjs.org/react-refresh 492ms (cache miss)
npm http fetch GET 200 https://registry.npmjs.org/rollup 392ms (cache miss)
npm http fetch GET 200 https://registry.npmjs.org/react-router 382ms (cache miss)
npm http cache https://registry.npmjs.org/react 30ms (cache hit)
npm http fetch GET 200 https://registry.npmjs.org/convert-source-map 44ms (cache miss)
npm http fetch GET 200 https://registry.npmjs.org/source-map 48ms (cache miss)
npm http fetch GET 200 https://registry.npmjs.org/escape-string-regexp 59ms (cache miss)
npm http fetch GET 200 https://registry.npmjs.org/babel-plugin-macros 64ms (cache miss)
npm http fetch GET 200 https://registry.npmjs.org/@babel%2fhelper-module-imports 69ms (cache miss)
npm http cache https://registry.npmjs.org/react-is 25ms (cache hit)
npm http fetch GET 200 https://registry.npmjs.org/find-root 155ms (cache miss)
npm http fetch GET 200 https://registry.npmjs.org/@emotion%2fsheet 151ms (cache miss)
npm http fetch GET 200 https://registry.npmjs.org/stylis 157ms (cache miss)
npm http fetch GET 200 https://registry.npmjs.org/stylis 164ms (cache miss)
npm http fetch GET 200 https://registry.npmjs.org/@emotion%2fmemoize 151ms (cache miss)
npm http fetch GET 200 https://registry.npmjs.org/@emotion%2fmemoize 204ms (cache miss)
npm http fetch GET 200 https://registry.npmjs.org/@emotion%2fmemoize 143ms (cache miss)
npm http fetch GET 200 https://registry.npmjs.org/@emotion%2fhash 240ms (cache miss)
npm http fetch GET 200 https://registry.npmjs.org/@emotion%2fhash 189ms (cache miss)
npm http fetch GET 200 https://registry.npmjs.org/@emotion%2funitless 183ms (cache miss)
npm http fetch GET 200 https://registry.npmjs.org/cosmiconfig 37ms (cache miss)
npm http fetch GET 200 https://registry.npmjs.org/resolve 51ms (cache miss)
npm http fetch GET 200 https://registry.npmjs.org/@babel%2ftypes 62ms (cache miss)
npm http fetch GET 200 https://registry.npmjs.org/@babel%2ftraverse 72ms (cache miss)
npm http cache https://registry.npmjs.org/@types%2freact 17ms (cache hit)
npm http cache https://registry.npmjs.org/react 17ms (cache hit)
npm http cache https://registry.npmjs.org/@emotion%2freact 5ms (cache hit)
npm http cache https://registry.npmjs.org/@emotion%2fstyled 5ms (cache hit)
npm http cache https://registry.npmjs.org/react-dom 20ms (cache hit)
npm http cache https://registry.npmjs.org/@types%2fprop-types 21ms (cache hit)
npm http cache https://registry.npmjs.org/loose-envify 20ms (cache hit)
npm http cache https://registry.npmjs.org/react-is 30ms (cache hit)
npm http cache https://registry.npmjs.org/loose-envify 79ms (cache hit)
npm http fetch GET 200 https://registry.npmjs.org/object-assign 84ms (cache miss)
npm http fetch GET 200 https://registry.npmjs.org/dom-helpers 85ms (cache miss)
npm http fetch GET 200 https://registry.npmjs.org/@mui%2fprivate-theming 269ms (cache miss)
npm http fetch GET 200 https://registry.npmjs.org/@mui%2fstyled-engine 296ms (cache miss)
npm http cache https://registry.npmjs.org/convert-source-map 18ms (cache hit)
npm http fetch GET 200 https://registry.npmjs.org/debug 44ms (cache miss)
npm http fetch GET 200 https://registry.npmjs.org/json5 48ms (cache miss)
npm http fetch GET 200 https://registry.npmjs.org/gensync 54ms (cache miss)
npm http fetch GET 200 https://registry.npmjs.org/semver 59ms (cache miss)
npm http fetch GET 200 https://registry.npmjs.org/@jridgewell%2fremapping 62ms (cache miss)
npm http cache https://registry.npmjs.org/@babel%2ftypes 10ms (cache hit)
npm http fetch GET 200 https://registry.npmjs.org/@babel%2fhelpers 85ms (cache miss)
npm http fetch GET 200 https://registry.npmjs.org/@babel%2fcode-frame 99ms (cache miss)
npm http fetch GET 200 https://registry.npmjs.org/@babel%2fhelper-module-transforms 83ms (cache miss)
npm http fetch GET 200 https://registry.npmjs.org/@babel%2fhelper-plugin-utils 60ms (cache miss)
npm http fetch GET 200 https://registry.npmjs.org/@babel%2fparser 113ms (cache miss)
npm http fetch GET 200 https://registry.npmjs.org/@babel%2fhelper-plugin-utils 71ms (cache miss)
npm http fetch GET 200 https://registry.npmjs.org/@types%2fbabel__template 59ms (cache miss)
npm http fetch GET 200 https://registry.npmjs.org/@types%2fbabel__traverse 50ms (cache miss)
npm http fetch GET 200 https://registry.npmjs.org/@babel%2fparser 78ms (cache miss)
npm http fetch GET 200 https://registry.npmjs.org/@babel%2ftemplate 151ms (cache miss)
npm http fetch GET 200 https://registry.npmjs.org/@types%2fbabel__generator 57ms (cache miss)
npm http fetch GET 200 https://registry.npmjs.org/@babel%2fgenerator 169ms (cache miss)
npm http fetch GET 200 https://registry.npmjs.org/@babel%2fhelper-compilation-targets 147ms (cache miss)
npm http cache https://registry.npmjs.org/@babel%2fcore 5ms (cache hit)
npm http cache https://registry.npmjs.org/@babel%2fhelper-module-imports 9ms (cache hit)
npm http fetch GET 200 https://registry.npmjs.org/js-tokens 34ms (cache miss)
npm http fetch GET 200 https://registry.npmjs.org/jsesc 36ms (cache miss)
npm http cache https://registry.npmjs.org/debug 8ms (cache hit)
npm http fetch GET 200 https://registry.npmjs.org/picocolors 59ms (cache miss)
npm http fetch GET 200 https://registry.npmjs.org/@babel%2fhelper-validator-identifier 66ms (cache miss)
npm http fetch GET 200 https://registry.npmjs.org/@babel%2fhelper-validator-identifier 60ms (cache miss)
npm http fetch GET 200 https://registry.npmjs.org/@jridgewell%2fgen-mapping 78ms (cache miss)
npm http fetch GET 200 https://registry.npmjs.org/lru-cache 81ms (cache miss)
npm http fetch GET 200 https://registry.npmjs.org/@babel%2fhelper-validator-option 86ms (cache miss)
npm http fetch GET 200 https://registry.npmjs.org/@jridgewell%2ftrace-mapping 90ms (cache miss)
npm http fetch GET 200 https://registry.npmjs.org/@babel%2fcompat-data 90ms (cache miss)
npm http fetch GET 200 https://registry.npmjs.org/browserslist 94ms (cache miss)
npm http fetch GET 200 https://registry.npmjs.org/@babel%2fhelper-string-parser 57ms (cache miss)
npm http fetch GET 200 https://registry.npmjs.org/@jridgewell%2fgen-mapping 41ms (cache miss)
npm http fetch GET 200 https://registry.npmjs.org/@babel%2fhelper-validator-identifier 55ms (cache miss)
npm http fetch GET 200 https://registry.npmjs.org/@jridgewell%2ftrace-mapping 46ms (cache miss)
npm http fetch GET 200 https://registry.npmjs.org/@babel%2fhelper-globals 116ms (cache miss)
npm http fetch GET 200 https://registry.npmjs.org/ms 133ms (cache miss)
npm http fetch GET 200 https://registry.npmjs.org/yallist 35ms (cache miss)
npm http fetch GET 200 https://registry.npmjs.org/node-releases 46ms (cache miss)
npm http fetch GET 200 https://registry.npmjs.org/update-browserslist-db 50ms (cache miss)
npm http fetch GET 200 https://registry.npmjs.org/baseline-browser-mapping 72ms (cache miss)
npm http fetch GET 200 https://registry.npmjs.org/caniuse-lite 126ms (cache miss)
npm http fetch GET 200 https://registry.npmjs.org/electron-to-chromium 185ms (cache miss)
npm http fetch GET 200 https://registry.npmjs.org/@jridgewell%2fsourcemap-codec 46ms (cache miss)
npm http fetch GET 200 https://registry.npmjs.org/@jridgewell%2fsourcemap-codec 47ms (cache miss)
npm http fetch GET 200 https://registry.npmjs.org/@jridgewell%2fresolve-uri 54ms (cache miss)
npm http cache https://registry.npmjs.org/yaml 24ms (cache hit)
npm http fetch GET 200 https://registry.npmjs.org/path-type 45ms (cache miss)
npm http fetch GET 200 https://registry.npmjs.org/is-core-module 46ms (cache miss)
npm http fetch GET 200 https://registry.npmjs.org/supports-preserve-symlinks-flag 48ms (cache miss)
npm http fetch GET 200 https://registry.npmjs.org/parse-json 50ms (cache miss)
npm http fetch GET 200 https://registry.npmjs.org/es-errors 52ms (cache miss)
npm http fetch GET 200 https://registry.npmjs.org/import-fresh 53ms (cache miss)
npm http fetch GET 200 https://registry.npmjs.org/path-parse 53ms (cache miss)
npm http fetch GET 200 https://registry.npmjs.org/@types%2fparse-json 122ms (cache miss)
npm http cache https://registry.npmjs.org/browserslist 4ms (cache hit)
npm http fetch GET 200 https://registry.npmjs.org/escalade 33ms (cache miss)
npm http cache https://registry.npmjs.org/react 17ms (cache hit)
npm http fetch GET 200 https://registry.npmjs.org/@esbuild%2faix-ppc64 95ms (cache miss)
npm http fetch GET 200 https://registry.npmjs.org/@esbuild%2fandroid-x64 102ms (cache miss)
npm http fetch GET 200 https://registry.npmjs.org/@esbuild%2fsunos-x64 110ms (cache miss)
npm http fetch GET 200 https://registry.npmjs.org/@esbuild%2fdarwin-x64 114ms (cache miss)
npm http fetch GET 200 https://registry.npmjs.org/@esbuild%2flinux-ia32 119ms (cache miss)
npm http fetch GET 200 https://registry.npmjs.org/@esbuild%2fwin32-x64 122ms (cache miss)
npm http fetch GET 200 https://registry.npmjs.org/@esbuild%2flinux-x64 127ms (cache miss)
npm http fetch GET 200 https://registry.npmjs.org/@esbuild%2fwin32-ia32 140ms (cache miss)
npm http fetch GET 200 https://registry.npmjs.org/@esbuild%2fnetbsd-x64 142ms (cache miss)
npm http fetch GET 200 https://registry.npmjs.org/@esbuild%2flinux-arm 150ms (cache miss)
npm http fetch GET 200 https://registry.npmjs.org/@esbuild%2fandroid-arm 157ms (cache miss)
npm http fetch GET 200 https://registry.npmjs.org/@esbuild%2flinux-arm64 141ms (cache miss)
npm http fetch GET 200 https://registry.npmjs.org/@esbuild%2fdarwin-arm64 121ms (cache miss)
npm http fetch GET 200 https://registry.npmjs.org/@esbuild%2fnetbsd-arm64 112ms (cache miss)
npm http fetch GET 200 https://registry.npmjs.org/@esbuild%2flinux-ppc64 151ms (cache miss)
npm http fetch GET 200 https://registry.npmjs.org/@esbuild%2fopenbsd-x64 143ms (cache miss)
npm http fetch GET 200 https://registry.npmjs.org/@esbuild%2flinux-s390x 152ms (cache miss)
npm http fetch GET 200 https://registry.npmjs.org/@esbuild%2ffreebsd-x64 178ms (cache miss)
npm http fetch GET 200 https://registry.npmjs.org/@esbuild%2fwin32-arm64 152ms (cache miss)
npm http fetch GET 200 https://registry.npmjs.org/@esbuild%2fandroid-arm64 134ms (cache miss)
npm http fetch GET 200 https://registry.npmjs.org/@esbuild%2ffreebsd-arm64 132ms (cache miss)
npm http fetch GET 200 https://registry.npmjs.org/@esbuild%2flinux-loong64 128ms (cache miss)
npm http fetch GET 200 https://registry.npmjs.org/source-map-js 106ms (cache miss)
npm http fetch GET 200 https://registry.npmjs.org/@esbuild%2fopenharmony-arm64 122ms (cache miss)
npm http fetch GET 200 https://registry.npmjs.org/@types%2festree 116ms (cache miss)
npm http fetch GET 200 https://registry.npmjs.org/@esbuild%2fopenbsd-arm64 144ms (cache miss)
npm http fetch GET 200 https://registry.npmjs.org/@esbuild%2flinux-mips64el 145ms (cache miss)
npm http fetch GET 200 https://registry.npmjs.org/nanoid 137ms (cache miss)
npm http fetch GET 200 https://registry.npmjs.org/@esbuild%2flinux-riscv64 163ms (cache miss)
npm http fetch GET 200 https://registry.npmjs.org/@rollup%2frollup-android-arm64 136ms (cache miss)
npm http fetch GET 200 https://registry.npmjs.org/@rollup%2frollup-win32-arm64-msvc 139ms (cache miss)
npm http fetch GET 200 https://registry.npmjs.org/@rollup%2frollup-darwin-arm64 148ms (cache miss)
npm http fetch GET 200 https://registry.npmjs.org/@rollup%2frollup-freebsd-arm64 154ms (cache miss)
npm http fetch GET 200 https://registry.npmjs.org/@rollup%2frollup-linux-loong64-musl 89ms (cache miss)
npm http fetch GET 200 https://registry.npmjs.org/@rollup%2frollup-linux-loong64-gnu 101ms (cache miss)
npm http fetch GET 200 https://registry.npmjs.org/@rollup%2frollup-linux-arm-musleabihf 121ms (cache miss)
npm http fetch GET 200 https://registry.npmjs.org/@rollup%2frollup-linux-arm64-gnu 150ms (cache miss)
npm http fetch GET 200 https://registry.npmjs.org/@rollup%2frollup-linux-arm64-musl 147ms (cache miss)
npm http fetch GET 200 https://registry.npmjs.org/@rollup%2frollup-linux-riscv64-musl 107ms (cache miss)
npm http fetch GET 200 https://registry.npmjs.org/@rollup%2frollup-android-arm-eabi 149ms (cache miss)
npm http fetch GET 200 https://registry.npmjs.org/@rollup%2frollup-linux-riscv64-gnu 120ms (cache miss)
npm http fetch GET 200 https://registry.npmjs.org/@rollup%2frollup-linux-arm-gnueabihf 154ms (cache miss)
npm http fetch GET 200 https://registry.npmjs.org/@rollup%2frollup-win32-ia32-msvc 149ms (cache miss)
npm http fetch GET 200 https://registry.npmjs.org/@rollup%2frollup-linux-ppc64-gnu 120ms (cache miss)
npm http fetch GET 200 https://registry.npmjs.org/@rollup%2frollup-linux-ppc64-musl 137ms (cache miss)
npm http fetch GET 200 https://registry.npmjs.org/@rollup%2frollup-win32-x64-gnu 120ms (cache miss)
npm http fetch GET 200 https://registry.npmjs.org/@rollup%2frollup-openbsd-x64 101ms (cache miss)
npm http fetch GET 200 https://registry.npmjs.org/@rollup%2frollup-openharmony-arm64 97ms (cache miss)
npm http fetch GET 200 https://registry.npmjs.org/@rollup%2frollup-freebsd-x64 119ms (cache miss)
npm http fetch GET 200 https://registry.npmjs.org/@rollup%2frollup-linux-s390x-gnu 146ms (cache miss)
npm http fetch GET 200 https://registry.npmjs.org/@rollup%2frollup-darwin-x64 138ms (cache miss)
npm http fetch GET 200 https://registry.npmjs.org/@rollup%2frollup-linux-x64-gnu 123ms (cache miss)
npm http fetch GET 200 https://registry.npmjs.org/@rollup%2frollup-linux-x64-musl 122ms (cache miss)
npm http fetch GET 200 https://registry.npmjs.org/@rollup%2frollup-win32-x64-msvc 138ms (cache miss)
npm http fetch GET 200 https://registry.npmjs.org/json-parse-even-better-errors 73ms (cache miss)
npm http fetch GET 200 https://registry.npmjs.org/error-ex 76ms (cache miss)
npm http fetch GET 200 https://registry.npmjs.org/parent-module 77ms (cache miss)
npm http fetch GET 200 https://registry.npmjs.org/lines-and-columns 77ms (cache miss)
npm http fetch GET 200 https://registry.npmjs.org/resolve-from 80ms (cache miss)
npm http fetch GET 200 https://registry.npmjs.org/callsites 119ms (cache miss)
npm http fetch GET 200 https://registry.npmjs.org/is-arrayish 52ms (cache miss)
npm http fetch GET 200 https://registry.npmjs.org/hasown 30ms (cache miss)
npm http fetch GET 200 https://registry.npmjs.org/function-bind 70ms (cache miss)
npm verbose reify failed optional dependency D:\Project\InsiteGlobal\poc\northstar-utilities-demo\node_modules\@rollup\rollup-win32-ia32-msvc
npm verbose reify failed optional dependency D:\Project\InsiteGlobal\poc\northstar-utilities-demo\node_modules\@rollup\rollup-win32-arm64-msvc
npm verbose reify failed optional dependency D:\Project\InsiteGlobal\poc\northstar-utilities-demo\node_modules\@rollup\rollup-openharmony-arm64
npm verbose reify failed optional dependency D:\Project\InsiteGlobal\poc\northstar-utilities-demo\node_modules\@rollup\rollup-openbsd-x64
npm verbose reify failed optional dependency D:\Project\InsiteGlobal\poc\northstar-utilities-demo\node_modules\@rollup\rollup-linux-x64-musl
npm verbose reify failed optional dependency D:\Project\InsiteGlobal\poc\northstar-utilities-demo\node_modules\@rollup\rollup-linux-x64-gnu
npm verbose reify failed optional dependency D:\Project\InsiteGlobal\poc\northstar-utilities-demo\node_modules\@rollup\rollup-linux-s390x-gnu
npm verbose reify failed optional dependency D:\Project\InsiteGlobal\poc\northstar-utilities-demo\node_modules\@rollup\rollup-linux-riscv64-musl
npm verbose reify failed optional dependency D:\Project\InsiteGlobal\poc\northstar-utilities-demo\node_modules\@rollup\rollup-linux-riscv64-gnu
npm verbose reify failed optional dependency D:\Project\InsiteGlobal\poc\northstar-utilities-demo\node_modules\@rollup\rollup-linux-ppc64-musl
npm verbose reify failed optional dependency D:\Project\InsiteGlobal\poc\northstar-utilities-demo\node_modules\@rollup\rollup-linux-ppc64-gnu
npm verbose reify failed optional dependency D:\Project\InsiteGlobal\poc\northstar-utilities-demo\node_modules\@rollup\rollup-linux-loong64-musl
npm verbose reify failed optional dependency D:\Project\InsiteGlobal\poc\northstar-utilities-demo\node_modules\@rollup\rollup-linux-loong64-gnu
npm verbose reify failed optional dependency D:\Project\InsiteGlobal\poc\northstar-utilities-demo\node_modules\@rollup\rollup-linux-arm64-musl
npm verbose reify failed optional dependency D:\Project\InsiteGlobal\poc\northstar-utilities-demo\node_modules\@rollup\rollup-linux-arm64-gnu
npm verbose reify failed optional dependency D:\Project\InsiteGlobal\poc\northstar-utilities-demo\node_modules\@rollup\rollup-linux-arm-musleabihf
npm verbose reify failed optional dependency D:\Project\InsiteGlobal\poc\northstar-utilities-demo\node_modules\@rollup\rollup-linux-arm-gnueabihf
npm verbose reify failed optional dependency D:\Project\InsiteGlobal\poc\northstar-utilities-demo\node_modules\@rollup\rollup-freebsd-x64
npm verbose reify failed optional dependency D:\Project\InsiteGlobal\poc\northstar-utilities-demo\node_modules\@rollup\rollup-freebsd-arm64
npm verbose reify failed optional dependency D:\Project\InsiteGlobal\poc\northstar-utilities-demo\node_modules\@rollup\rollup-darwin-x64
npm verbose reify failed optional dependency D:\Project\InsiteGlobal\poc\northstar-utilities-demo\node_modules\@rollup\rollup-darwin-arm64
npm verbose reify failed optional dependency D:\Project\InsiteGlobal\poc\northstar-utilities-demo\node_modules\@rollup\rollup-android-arm64
npm verbose reify failed optional dependency D:\Project\InsiteGlobal\poc\northstar-utilities-demo\node_modules\@rollup\rollup-android-arm-eabi
npm verbose reify failed optional dependency D:\Project\InsiteGlobal\poc\northstar-utilities-demo\node_modules\@esbuild\win32-ia32
npm verbose reify failed optional dependency D:\Project\InsiteGlobal\poc\northstar-utilities-demo\node_modules\@esbuild\win32-arm64
npm verbose reify failed optional dependency D:\Project\InsiteGlobal\poc\northstar-utilities-demo\node_modules\@esbuild\sunos-x64
npm verbose reify failed optional dependency D:\Project\InsiteGlobal\poc\northstar-utilities-demo\node_modules\@esbuild\openharmony-arm64
npm verbose reify failed optional dependency D:\Project\InsiteGlobal\poc\northstar-utilities-demo\node_modules\@esbuild\openbsd-x64
npm verbose reify failed optional dependency D:\Project\InsiteGlobal\poc\northstar-utilities-demo\node_modules\@esbuild\openbsd-arm64
npm verbose reify failed optional dependency D:\Project\InsiteGlobal\poc\northstar-utilities-demo\node_modules\@esbuild\netbsd-x64
npm verbose reify failed optional dependency D:\Project\InsiteGlobal\poc\northstar-utilities-demo\node_modules\@esbuild\netbsd-arm64
npm verbose reify failed optional dependency D:\Project\InsiteGlobal\poc\northstar-utilities-demo\node_modules\@esbuild\linux-x64
npm verbose reify failed optional dependency D:\Project\InsiteGlobal\poc\northstar-utilities-demo\node_modules\@esbuild\linux-s390x
npm verbose reify failed optional dependency D:\Project\InsiteGlobal\poc\northstar-utilities-demo\node_modules\@esbuild\linux-riscv64
npm verbose reify failed optional dependency D:\Project\InsiteGlobal\poc\northstar-utilities-demo\node_modules\@esbuild\linux-ppc64
npm verbose reify failed optional dependency D:\Project\InsiteGlobal\poc\northstar-utilities-demo\node_modules\@esbuild\linux-mips64el
npm verbose reify failed optional dependency D:\Project\InsiteGlobal\poc\northstar-utilities-demo\node_modules\@esbuild\linux-loong64
npm verbose reify failed optional dependency D:\Project\InsiteGlobal\poc\northstar-utilities-demo\node_modules\@esbuild\linux-ia32
npm verbose reify failed optional dependency D:\Project\InsiteGlobal\poc\northstar-utilities-demo\node_modules\@esbuild\linux-arm64
npm verbose reify failed optional dependency D:\Project\InsiteGlobal\poc\northstar-utilities-demo\node_modules\@esbuild\linux-arm
npm verbose reify failed optional dependency D:\Project\InsiteGlobal\poc\northstar-utilities-demo\node_modules\@esbuild\freebsd-x64
npm verbose reify failed optional dependency D:\Project\InsiteGlobal\poc\northstar-utilities-demo\node_modules\@esbuild\freebsd-arm64
npm verbose reify failed optional dependency D:\Project\InsiteGlobal\poc\northstar-utilities-demo\node_modules\@esbuild\darwin-x64
npm verbose reify failed optional dependency D:\Project\InsiteGlobal\poc\northstar-utilities-demo\node_modules\@esbuild\darwin-arm64
npm verbose reify failed optional dependency D:\Project\InsiteGlobal\poc\northstar-utilities-demo\node_modules\@esbuild\android-x64
npm verbose reify failed optional dependency D:\Project\InsiteGlobal\poc\northstar-utilities-demo\node_modules\@esbuild\android-arm64
npm verbose reify failed optional dependency D:\Project\InsiteGlobal\poc\northstar-utilities-demo\node_modules\@esbuild\android-arm
npm verbose reify failed optional dependency D:\Project\InsiteGlobal\poc\northstar-utilities-demo\node_modules\@esbuild\aix-ppc64
npm verbose reify failed optional dependency D:\Project\InsiteGlobal\poc\northstar-utilities-demo\node_modules\fsevents
npm http cache @types/estree@https://registry.npmjs.org/@types/estree/-/estree-1.0.9.tgz 0ms (cache hit)
npm http cache @rollup/rollup-win32-x64-msvc@https://registry.npmjs.org/@rollup/rollup-win32-x64-msvc/-/rollup-win32-x64-msvc-4.62.2.tgz 0ms (cache hit)
npm http cache @rollup/rollup-win32-x64-gnu@https://registry.npmjs.org/@rollup/rollup-win32-x64-gnu/-/rollup-win32-x64-gnu-4.62.2.tgz 0ms (cache hit)
npm http cache function-bind@https://registry.npmjs.org/function-bind/-/function-bind-1.1.2.tgz 0ms (cache hit)
npm http cache hasown@https://registry.npmjs.org/hasown/-/hasown-2.0.4.tgz 0ms (cache hit)
npm http cache supports-preserve-symlinks-flag@https://registry.npmjs.org/supports-preserve-symlinks-flag/-/supports-preserve-symlinks-flag-1.0.0.tgz 0ms (cache hit)
npm http cache path-parse@https://registry.npmjs.org/path-parse/-/path-parse-1.0.7.tgz 0ms (cache hit)
npm http cache is-core-module@https://registry.npmjs.org/is-core-module/-/is-core-module-2.16.2.tgz 0ms (cache hit)
npm http cache is-arrayish@https://registry.npmjs.org/is-arrayish/-/is-arrayish-0.2.1.tgz 0ms (cache hit)
npm http cache es-errors@https://registry.npmjs.org/es-errors/-/es-errors-1.3.0.tgz 0ms (cache hit)
npm http cache json-parse-even-better-errors@https://registry.npmjs.org/json-parse-even-better-errors/-/json-parse-even-better-errors-2.3.1.tgz 0ms (cache hit)
npm http cache lines-and-columns@https://registry.npmjs.org/lines-and-columns/-/lines-and-columns-1.2.4.tgz 0ms (cache hit)
npm http cache error-ex@https://registry.npmjs.org/error-ex/-/error-ex-1.3.4.tgz 0ms (cache hit)
npm http cache callsites@https://registry.npmjs.org/callsites/-/callsites-3.1.0.tgz 0ms (cache hit)
npm http cache resolve-from@https://registry.npmjs.org/resolve-from/-/resolve-from-4.0.0.tgz 0ms (cache hit)
npm http cache parent-module@https://registry.npmjs.org/parent-module/-/parent-module-1.0.1.tgz 0ms (cache hit)
npm http cache path-type@https://registry.npmjs.org/path-type/-/path-type-4.0.0.tgz 0ms (cache hit)
npm http cache parse-json@https://registry.npmjs.org/parse-json/-/parse-json-5.2.0.tgz 0ms (cache hit)
npm http cache import-fresh@https://registry.npmjs.org/import-fresh/-/import-fresh-3.3.1.tgz 0ms (cache hit)
npm http cache @types/parse-json@https://registry.npmjs.org/@types/parse-json/-/parse-json-4.0.2.tgz 0ms (cache hit)
npm http cache dom-helpers@https://registry.npmjs.org/dom-helpers/-/dom-helpers-5.2.1.tgz 0ms (cache hit)
npm http cache object-assign@https://registry.npmjs.org/object-assign/-/object-assign-4.1.1.tgz 0ms (cache hit)
npm http cache @jridgewell/sourcemap-codec@https://registry.npmjs.org/@jridgewell/sourcemap-codec/-/sourcemap-codec-1.5.5.tgz 0ms (cache hit)
npm http cache @babel/helper-string-parser@https://registry.npmjs.org/@babel/helper-string-parser/-/helper-string-parser-7.29.7.tgz 0ms (cache hit)
npm http cache @babel/helper-globals@https://registry.npmjs.org/@babel/helper-globals/-/helper-globals-7.29.7.tgz 0ms (cache hit)
npm http cache jsesc@https://registry.npmjs.org/jsesc/-/jsesc-3.1.0.tgz 0ms (cache hit)
npm http cache nanoid@https://registry.npmjs.org/nanoid/-/nanoid-3.3.15.tgz 0ms (cache hit)
npm http cache source-map-js@https://registry.npmjs.org/source-map-js/-/source-map-js-1.2.1.tgz 0ms (cache hit)
npm http cache @esbuild/win32-x64@https://registry.npmjs.org/@esbuild/win32-x64/-/win32-x64-0.25.12.tgz 0ms (cache hit)
npm http cache postcss@https://registry.npmjs.org/postcss/-/postcss-8.5.16.tgz 0ms (cache hit)
npm http cache tinyglobby@https://registry.npmjs.org/tinyglobby/-/tinyglobby-0.2.17.tgz 0ms (cache hit)
npm http cache picomatch@https://registry.npmjs.org/picomatch/-/picomatch-4.0.5.tgz 0ms (cache hit)
npm http cache fdir@https://registry.npmjs.org/fdir/-/fdir-6.5.0.tgz 0ms (cache hit)
npm http cache escalade@https://registry.npmjs.org/escalade/-/escalade-3.2.0.tgz 0ms (cache hit)
npm http cache esbuild@https://registry.npmjs.org/esbuild/-/esbuild-0.25.12.tgz 0ms (cache hit)
npm http cache scheduler@https://registry.npmjs.org/scheduler/-/scheduler-0.23.2.tgz 0ms (cache hit)
npm http cache loose-envify@https://registry.npmjs.org/loose-envify/-/loose-envify-1.4.0.tgz 0ms (cache hit)
npm http cache yallist@https://registry.npmjs.org/yallist/-/yallist-3.1.1.tgz 0ms (cache hit)
npm http cache ms@https://registry.npmjs.org/ms/-/ms-2.1.3.tgz 0ms (cache hit)
npm http cache update-browserslist-db@https://registry.npmjs.org/update-browserslist-db/-/update-browserslist-db-1.2.3.tgz 0ms (cache hit)
npm http cache electron-to-chromium@https://registry.npmjs.org/electron-to-chromium/-/electron-to-chromium-1.5.385.tgz 0ms (cache hit)
npm http cache baseline-browser-mapping@https://registry.npmjs.org/baseline-browser-mapping/-/baseline-browser-mapping-2.10.41.tgz 0ms (cache hit)
npm http cache @types/babel__traverse@https://registry.npmjs.org/@types/babel__traverse/-/babel__traverse-7.28.0.tgz 0ms (cache hit)
npm http cache @types/babel__template@https://registry.npmjs.org/@types/babel__template/-/babel__template-7.4.4.tgz 0ms (cache hit)
npm http cache @types/babel__generator@https://registry.npmjs.org/@types/babel__generator/-/babel__generator-7.27.0.tgz 0ms (cache hit)
npm http cache @babel/helper-plugin-utils@https://registry.npmjs.org/@babel/helper-plugin-utils/-/helper-plugin-utils-7.29.7.tgz 0ms (cache hit)
npm http cache lru-cache@https://registry.npmjs.org/lru-cache/-/lru-cache-5.1.1.tgz 0ms (cache hit)
npm http cache browserslist@https://registry.npmjs.org/browserslist/-/browserslist-4.28.4.tgz 0ms (cache hit)
npm http cache @babel/helper-validator-option@https://registry.npmjs.org/@babel/helper-validator-option/-/helper-validator-option-7.29.7.tgz 0ms (cache hit)
npm http cache @babel/compat-data@https://registry.npmjs.org/@babel/compat-data/-/compat-data-7.29.7.tgz 0ms (cache hit)
npm http cache picocolors@https://registry.npmjs.org/picocolors/-/picocolors-1.1.1.tgz 0ms (cache hit)
npm http cache js-tokens@https://registry.npmjs.org/js-tokens/-/js-tokens-4.0.0.tgz 0ms (cache hit)
npm http cache @babel/helper-validator-identifier@https://registry.npmjs.org/@babel/helper-validator-identifier/-/helper-validator-identifier-7.29.7.tgz 0ms (cache hit)
npm http cache semver@https://registry.npmjs.org/semver/-/semver-6.3.1.tgz 0ms (cache hit)
npm http cache json5@https://registry.npmjs.org/json5/-/json5-2.2.3.tgz 0ms (cache hit)
npm http cache gensync@https://registry.npmjs.org/gensync/-/gensync-1.0.0-beta.2.tgz 0ms (cache hit)
npm http cache debug@https://registry.npmjs.org/debug/-/debug-4.4.3.tgz 0ms (cache hit)
npm http cache @jridgewell/remapping@https://registry.npmjs.org/@jridgewell/remapping/-/remapping-2.3.5.tgz 0ms (cache hit)
npm http cache @babel/parser@https://registry.npmjs.org/@babel/parser/-/parser-7.29.7.tgz 0ms (cache hit)
npm http cache @babel/template@https://registry.npmjs.org/@babel/template/-/template-7.29.7.tgz 0ms (cache hit)
npm http cache @babel/helper-module-transforms@https://registry.npmjs.org/@babel/helper-module-transforms/-/helper-module-transforms-7.29.7.tgz 0ms (cache hit)
npm http cache @babel/helper-compilation-targets@https://registry.npmjs.org/@babel/helper-compilation-targets/-/helper-compilation-targets-7.29.7.tgz 0ms (cache hit)
npm http cache @babel/code-frame@https://registry.npmjs.org/@babel/code-frame/-/code-frame-7.29.7.tgz 0ms (cache hit)
npm http cache @types/babel__core@https://registry.npmjs.org/@types/babel__core/-/babel__core-7.20.5.tgz 0ms (cache hit)
npm http cache react-refresh@https://registry.npmjs.org/react-refresh/-/react-refresh-0.17.0.tgz 0ms (cache hit)
npm http cache @babel/plugin-transform-react-jsx-self@https://registry.npmjs.org/@babel/plugin-transform-react-jsx-self/-/plugin-transform-react-jsx-self-7.29.7.tgz 0ms (cache hit)
npm http cache @babel/plugin-transform-react-jsx-source@https://registry.npmjs.org/@babel/plugin-transform-react-jsx-source/-/plugin-transform-react-jsx-source-7.29.7.tgz 0ms (cache hit)
npm http cache @types/prop-types@https://registry.npmjs.org/@types/prop-types/-/prop-types-15.7.15.tgz 0ms (cache hit)
npm http cache react-is@https://registry.npmjs.org/react-is/-/react-is-19.2.7.tgz 0ms (cache hit)
npm http cache clsx@https://registry.npmjs.org/clsx/-/clsx-2.1.1.tgz 0ms (cache hit)
npm http cache @mui/types@https://registry.npmjs.org/@mui/types/-/types-7.2.24.tgz 0ms (cache hit)
npm http cache @types/react-transition-group@https://registry.npmjs.org/@types/react-transition-group/-/react-transition-group-4.4.12.tgz 0ms (cache hit)
npm http cache @mui/core-downloads-tracker@https://registry.npmjs.org/@mui/core-downloads-tracker/-/core-downloads-tracker-6.5.0.tgz 0ms (cache hit)
npm http cache csstype@https://registry.npmjs.org/csstype/-/csstype-3.2.3.tgz 0ms (cache hit)
npm http cache source-map@https://registry.npmjs.org/source-map/-/source-map-0.5.7.tgz 0ms (cache hit)
npm http cache find-root@https://registry.npmjs.org/find-root/-/find-root-1.1.0.tgz 0ms (cache hit)
npm http cache escape-string-regexp@https://registry.npmjs.org/escape-string-regexp/-/escape-string-regexp-4.0.0.tgz 0ms (cache hit)
npm http cache babel-plugin-macros@https://registry.npmjs.org/babel-plugin-macros/-/babel-plugin-macros-3.1.0.tgz 0ms (cache hit)
npm http cache convert-source-map@https://registry.npmjs.org/convert-source-map/-/convert-source-map-1.9.0.tgz 0ms (cache hit)
npm http cache @types/react-dom@https://registry.npmjs.org/@types/react-dom/-/react-dom-18.3.7.tgz 0ms (cache hit)
npm http cache @types/react@https://registry.npmjs.org/@types/react/-/react-18.3.31.tgz 0ms (cache hit)
npm http cache react@https://registry.npmjs.org/react/-/react-18.3.1.tgz 1ms (cache hit)
npm http cache @remix-run/router@https://registry.npmjs.org/@remix-run/router/-/router-1.23.3.tgz 0ms (cache hit)
npm http cache @rolldown/pluginutils@https://registry.npmjs.org/@rolldown/pluginutils/-/pluginutils-1.0.0-beta.27.tgz 0ms (cache hit)
npm http cache @vitejs/plugin-react@https://registry.npmjs.org/@vitejs/plugin-react/-/plugin-react-4.7.0.tgz 0ms (cache hit)
npm http cache @mui/material@https://registry.npmjs.org/@mui/material/-/material-6.5.0.tgz 0ms (cache hit)
npm http cache @mui/icons-material@https://registry.npmjs.org/@mui/icons-material/-/icons-material-6.5.0.tgz 0ms (cache hit)
npm http cache @babel/core@https://registry.npmjs.org/@babel/core/-/core-7.29.7.tgz 0ms (cache hit)
npm http cache @emotion/styled@https://registry.npmjs.org/@emotion/styled/-/styled-11.14.1.tgz 0ms (cache hit)
npm http cache @babel/runtime@https://registry.npmjs.org/@babel/runtime/-/runtime-7.29.7.tgz 0ms (cache hit)
npm http cache @emotion/react@https://registry.npmjs.org/@emotion/react/-/react-11.14.0.tgz 0ms (cache hit)
npm http cache @emotion/is-prop-valid@https://registry.npmjs.org/@emotion/is-prop-valid/-/is-prop-valid-1.4.0.tgz 0ms (cache hit)
npm http cache @emotion/weak-memoize@https://registry.npmjs.org/@emotion/weak-memoize/-/weak-memoize-0.4.0.tgz 0ms (cache hit)
npm http cache @emotion/serialize@https://registry.npmjs.org/@emotion/serialize/-/serialize-1.3.3.tgz 0ms (cache hit)
npm http cache @emotion/utils@https://registry.npmjs.org/@emotion/utils/-/utils-1.4.2.tgz 0ms (cache hit)
npm http cache @emotion/use-insertion-effect-with-fallbacks@https://registry.npmjs.org/@emotion/use-insertion-effect-with-fallbacks/-/use-insertion-effect-with-fallbacks-1.2.0.tgz 0ms (cache hit)
npm http cache @emotion/cache@https://registry.npmjs.org/@emotion/cache/-/cache-11.14.0.tgz 0ms (cache hit)
npm http cache @emotion/babel-plugin@https://registry.npmjs.org/@emotion/babel-plugin/-/babel-plugin-11.13.5.tgz 0ms (cache hit)
npm http cache yaml@https://registry.npmjs.org/yaml/-/yaml-2.9.0.tgz 0ms (cache hit)
npm http cache hoist-non-react-statics@https://registry.npmjs.org/hoist-non-react-statics/-/hoist-non-react-statics-3.3.2.tgz 0ms (cache hit)
npm http cache react-router@https://registry.npmjs.org/react-router/-/react-router-6.30.4.tgz 0ms (cache hit)
npm http cache react-router-dom@https://registry.npmjs.org/react-router-dom/-/react-router-dom-6.30.4.tgz 0ms (cache hit)
npm http cache typescript@https://registry.npmjs.org/typescript/-/typescript-5.9.3.tgz 0ms (cache hit)
npm http cache @babel/types@https://registry.npmjs.org/@babel/types/-/types-7.29.7.tgz 0ms (cache hit)
npm http cache react-dom@https://registry.npmjs.org/react-dom/-/react-dom-18.3.1.tgz 0ms (cache hit)
npm http cache vite@https://registry.npmjs.org/vite/-/vite-6.4.3.tgz 0ms (cache hit)
npm http cache @babel/types@https://registry.npmjs.org/@babel/types/-/types-7.29.7.tgz 0ms (cache hit)
npm http cache @babel/types@https://registry.npmjs.org/@babel/types/-/types-7.29.7.tgz 0ms (cache hit)
npm http cache node-releases@https://registry.npmjs.org/node-releases/-/node-releases-2.0.50.tgz 0ms (cache hit)
npm http cache caniuse-lite@https://registry.npmjs.org/caniuse-lite/-/caniuse-lite-1.0.30001800.tgz 0ms (cache hit)
npm http cache @jridgewell/resolve-uri@https://registry.npmjs.org/@jridgewell/resolve-uri/-/resolve-uri-3.1.2.tgz 0ms (cache hit)
npm http cache @jridgewell/trace-mapping@https://registry.npmjs.org/@jridgewell/trace-mapping/-/trace-mapping-0.3.31.tgz 0ms (cache hit)
npm http cache @jridgewell/gen-mapping@https://registry.npmjs.org/@jridgewell/gen-mapping/-/gen-mapping-0.3.13.tgz 0ms (cache hit)
npm http cache @babel/types@https://registry.npmjs.org/@babel/types/-/types-7.29.7.tgz 0ms (cache hit)
npm http cache @jridgewell/resolve-uri@https://registry.npmjs.org/@jridgewell/resolve-uri/-/resolve-uri-3.1.2.tgz 0ms (cache hit)
npm http cache @babel/types@https://registry.npmjs.org/@babel/types/-/types-7.29.7.tgz 0ms (cache hit)
npm http cache @jridgewell/trace-mapping@https://registry.npmjs.org/@jridgewell/trace-mapping/-/trace-mapping-0.3.31.tgz 0ms (cache hit)
npm http cache @jridgewell/gen-mapping@https://registry.npmjs.org/@jridgewell/gen-mapping/-/gen-mapping-0.3.13.tgz 0ms (cache hit)
npm http cache @babel/generator@https://registry.npmjs.org/@babel/generator/-/generator-7.29.7.tgz 0ms (cache hit)
npm http cache @babel/types@https://registry.npmjs.org/@babel/types/-/types-7.29.7.tgz 0ms (cache hit)
npm http cache @babel/traverse@https://registry.npmjs.org/@babel/traverse/-/traverse-7.29.7.tgz 0ms (cache hit)
npm http cache @babel/helper-module-imports@https://registry.npmjs.org/@babel/helper-module-imports/-/helper-module-imports-7.29.7.tgz 0ms (cache hit)
npm http cache @babel/types@https://registry.npmjs.org/@babel/types/-/types-7.29.7.tgz 0ms (cache hit)
npm http cache yaml@https://registry.npmjs.org/yaml/-/yaml-1.10.3.tgz 0ms (cache hit)
npm http cache resolve@https://registry.npmjs.org/resolve/-/resolve-1.22.12.tgz 0ms (cache hit)
npm http cache cosmiconfig@https://registry.npmjs.org/cosmiconfig/-/cosmiconfig-7.1.0.tgz 0ms (cache hit)
npm http cache @emotion/sheet@https://registry.npmjs.org/@emotion/sheet/-/sheet-1.4.0.tgz 0ms (cache hit)
npm http cache @mui/styled-engine@https://registry.npmjs.org/@mui/styled-engine/-/styled-engine-6.5.0.tgz 0ms (cache hit)
npm http cache @mui/private-theming@https://registry.npmjs.org/@mui/private-theming/-/private-theming-6.4.9.tgz 0ms (cache hit)
npm http cache react-transition-group@https://registry.npmjs.org/react-transition-group/-/react-transition-group-4.4.5.tgz 0ms (cache hit)
npm http cache prop-types@https://registry.npmjs.org/prop-types/-/prop-types-15.8.1.tgz 0ms (cache hit)
npm http cache react-is@https://registry.npmjs.org/react-is/-/react-is-16.13.1.tgz 0ms (cache hit)
npm http cache @mui/utils@https://registry.npmjs.org/@mui/utils/-/utils-6.4.9.tgz 0ms (cache hit)
npm http cache @mui/system@https://registry.npmjs.org/@mui/system/-/system-6.5.0.tgz 0ms (cache hit)
npm http cache @popperjs/core@https://registry.npmjs.org/@popperjs/core/-/core-2.11.8.tgz 0ms (cache hit)
npm http cache @jridgewell/trace-mapping@https://registry.npmjs.org/@jridgewell/trace-mapping/-/trace-mapping-0.3.31.tgz 1ms (cache hit)
npm http cache @jridgewell/gen-mapping@https://registry.npmjs.org/@jridgewell/gen-mapping/-/gen-mapping-0.3.13.tgz 0ms (cache hit)
npm http cache @jridgewell/resolve-uri@https://registry.npmjs.org/@jridgewell/resolve-uri/-/resolve-uri-3.1.2.tgz 0ms (cache hit)
npm http cache @babel/types@https://registry.npmjs.org/@babel/types/-/types-7.29.7.tgz 0ms (cache hit)
npm http cache @babel/helpers@https://registry.npmjs.org/@babel/helpers/-/helpers-7.29.7.tgz 0ms (cache hit)
npm http cache @babel/traverse@https://registry.npmjs.org/@babel/traverse/-/traverse-7.29.7.tgz 0ms (cache hit)
npm http cache @babel/generator@https://registry.npmjs.org/@babel/generator/-/generator-7.29.7.tgz 0ms (cache hit)
npm http cache convert-source-map@https://registry.npmjs.org/convert-source-map/-/convert-source-map-2.0.0.tgz 0ms (cache hit)
npm http cache @emotion/memoize@https://registry.npmjs.org/@emotion/memoize/-/memoize-0.9.0.tgz 0ms (cache hit)
npm http cache @emotion/unitless@https://registry.npmjs.org/@emotion/unitless/-/unitless-0.10.0.tgz 0ms (cache hit)
npm http cache @emotion/memoize@https://registry.npmjs.org/@emotion/memoize/-/memoize-0.9.0.tgz 0ms (cache hit)
npm http cache stylis@https://registry.npmjs.org/stylis/-/stylis-4.2.0.tgz 0ms (cache hit)
npm http cache @emotion/hash@https://registry.npmjs.org/@emotion/hash/-/hash-0.9.2.tgz 0ms (cache hit)
npm http cache @emotion/sheet@https://registry.npmjs.org/@emotion/sheet/-/sheet-1.4.0.tgz 0ms (cache hit)
npm http cache @emotion/memoize@https://registry.npmjs.org/@emotion/memoize/-/memoize-0.9.0.tgz 0ms (cache hit)
npm http cache @jridgewell/resolve-uri@https://registry.npmjs.org/@jridgewell/resolve-uri/-/resolve-uri-3.1.2.tgz 0ms (cache hit)
npm http cache @jridgewell/trace-mapping@https://registry.npmjs.org/@jridgewell/trace-mapping/-/trace-mapping-0.3.31.tgz 0ms (cache hit)
npm http cache @jridgewell/gen-mapping@https://registry.npmjs.org/@jridgewell/gen-mapping/-/gen-mapping-0.3.13.tgz 0ms (cache hit)
npm http cache @babel/generator@https://registry.npmjs.org/@babel/generator/-/generator-7.29.7.tgz 0ms (cache hit)
npm http cache @babel/traverse@https://registry.npmjs.org/@babel/traverse/-/traverse-7.29.7.tgz 0ms (cache hit)
npm http cache @babel/types@https://registry.npmjs.org/@babel/types/-/types-7.29.7.tgz 0ms (cache hit)
npm http cache stylis@https://registry.npmjs.org/stylis/-/stylis-4.2.0.tgz 0ms (cache hit)
npm http cache @emotion/memoize@https://registry.npmjs.org/@emotion/memoize/-/memoize-0.9.0.tgz 0ms (cache hit)
npm http cache @emotion/hash@https://registry.npmjs.org/@emotion/hash/-/hash-0.9.2.tgz 0ms (cache hit)
npm http cache @babel/helper-module-imports@https://registry.npmjs.org/@babel/helper-module-imports/-/helper-module-imports-7.29.7.tgz 0ms (cache hit)
npm http cache rollup@https://registry.npmjs.org/rollup/-/rollup-4.62.2.tgz 0ms (cache hit)
npm http cache react-is@https://registry.npmjs.org/react-is/-/react-is-16.13.1.tgz 0ms (cache hit)
npm http fetch GET 200 https://registry.npmjs.org/hasown/-/hasown-2.0.4.tgz 1316ms (cache miss)
npm http fetch GET 200 https://registry.npmjs.org/es-errors/-/es-errors-1.3.0.tgz 1871ms (cache miss)
npm http fetch GET 200 https://registry.npmjs.org/lines-and-columns/-/lines-and-columns-1.2.4.tgz 1914ms (cache miss)
npm http fetch GET 200 https://registry.npmjs.org/is-core-module/-/is-core-module-2.16.2.tgz 1924ms (cache miss)
npm http fetch GET 200 https://registry.npmjs.org/path-parse/-/path-parse-1.0.7.tgz 2787ms (cache miss)
npm http fetch GET 200 https://registry.npmjs.org/supports-preserve-symlinks-flag/-/supports-preserve-symlinks-flag-1.0.0.tgz 2868ms (cache miss)
npm http fetch GET 200 https://registry.npmjs.org/parent-module/-/parent-module-1.0.1.tgz 2893ms (cache miss)
npm http fetch GET 200 https://registry.npmjs.org/import-fresh/-/import-fresh-3.3.1.tgz 3472ms (cache miss)
npm http fetch GET 200 https://registry.npmjs.org/is-arrayish/-/is-arrayish-0.2.1.tgz 4376ms (cache miss)
npm http fetch GET 200 https://registry.npmjs.org/path-type/-/path-type-4.0.0.tgz 5740ms (cache miss)
npm http fetch GET 200 https://registry.npmjs.org/parse-json/-/parse-json-5.2.0.tgz 5742ms (cache miss)
npm http fetch GET 200 https://registry.npmjs.org/@babel/helper-globals/-/helper-globals-7.29.7.tgz 6157ms (cache miss)
npm http fetch GET 200 https://registry.npmjs.org/@types/parse-json/-/parse-json-4.0.2.tgz 6160ms (cache miss)
npm http fetch GET 200 https://registry.npmjs.org/@types/estree/-/estree-1.0.9.tgz 6546ms (cache miss)
npm http fetch GET 200 https://registry.npmjs.org/yallist/-/yallist-3.1.1.tgz 6742ms (cache miss)
npm http fetch GET 200 https://registry.npmjs.org/@babel/helper-string-parser/-/helper-string-parser-7.29.7.tgz 6968ms (cache miss)
npm http fetch GET 200 https://registry.npmjs.org/nanoid/-/nanoid-3.3.15.tgz 7035ms (cache miss)
npm http fetch GET 200 https://registry.npmjs.org/object-assign/-/object-assign-4.1.1.tgz 7081ms (cache miss)
npm http fetch GET 200 https://registry.npmjs.org/lru-cache/-/lru-cache-5.1.1.tgz 7431ms (cache miss)
npm http fetch GET 200 https://registry.npmjs.org/resolve-from/-/resolve-from-4.0.0.tgz 7640ms (cache miss)
npm http fetch GET 200 https://registry.npmjs.org/@babel/helper-validator-option/-/helper-validator-option-7.29.7.tgz 7863ms (cache miss)
npm http fetch GET 200 https://registry.npmjs.org/escalade/-/escalade-3.2.0.tgz 8237ms (cache miss)
npm http fetch GET 200 https://registry.npmjs.org/error-ex/-/error-ex-1.3.4.tgz 8952ms (cache miss)
npm http fetch GET 200 https://registry.npmjs.org/jsesc/-/jsesc-3.1.0.tgz 9038ms (cache miss)
npm http fetch GET 200 https://registry.npmjs.org/callsites/-/callsites-3.1.0.tgz 9180ms (cache miss)
npm http fetch GET 200 https://registry.npmjs.org/update-browserslist-db/-/update-browserslist-db-1.2.3.tgz 9228ms (cache miss)
npm http fetch GET 200 https://registry.npmjs.org/react-refresh/-/react-refresh-0.17.0.tgz 9304ms (cache miss)
npm http fetch GET 200 https://registry.npmjs.org/react-is/-/react-is-19.2.7.tgz 9424ms (cache miss)
npm http fetch GET 200 https://registry.npmjs.org/@types/babel__template/-/babel__template-7.4.4.tgz 9496ms (cache miss)
npm http fetch GET 200 https://registry.npmjs.org/@babel/helper-plugin-utils/-/helper-plugin-utils-7.29.7.tgz 9513ms (cache miss)
npm http fetch GET 200 https://registry.npmjs.org/fdir/-/fdir-6.5.0.tgz 9686ms (cache miss)
npm http fetch GET 200 https://registry.npmjs.org/find-root/-/find-root-1.1.0.tgz 9665ms (cache miss)
npm http fetch GET 200 https://registry.npmjs.org/json-parse-even-better-errors/-/json-parse-even-better-errors-2.3.1.tgz 9829ms (cache miss)
npm http fetch GET 200 https://registry.npmjs.org/ms/-/ms-2.1.3.tgz 9833ms (cache miss)
npm http fetch GET 200 https://registry.npmjs.org/@babel/compat-data/-/compat-data-7.29.7.tgz 9988ms (cache miss)
npm http fetch GET 200 https://registry.npmjs.org/gensync/-/gensync-1.0.0-beta.2.tgz 10041ms (cache miss)
npm http fetch GET 200 https://registry.npmjs.org/@babel/code-frame/-/code-frame-7.29.7.tgz 10284ms (cache miss)
npm http fetch GET 200 https://registry.npmjs.org/@types/prop-types/-/prop-types-15.7.15.tgz 10289ms (cache miss)
npm http fetch GET 200 https://registry.npmjs.org/@babel/plugin-transform-react-jsx-source/-/plugin-transform-react-jsx-source-7.29.7.tgz 10295ms (cache miss)
npm http fetch GET 200 https://registry.npmjs.org/@mui/types/-/types-7.2.24.tgz 10293ms (cache miss)
npm http fetch GET 200 https://registry.npmjs.org/babel-plugin-macros/-/babel-plugin-macros-3.1.0.tgz 12511ms (cache miss)
npm http fetch GET 200 https://registry.npmjs.org/convert-source-map/-/convert-source-map-1.9.0.tgz 12510ms (cache miss)
npm http fetch GET 200 https://registry.npmjs.org/escape-string-regexp/-/escape-string-regexp-4.0.0.tgz 12511ms (cache miss)
npm http fetch GET 200 https://registry.npmjs.org/@types/react-transition-group/-/react-transition-group-4.4.12.tgz 12661ms (cache miss)
npm http fetch GET 200 https://registry.npmjs.org/js-tokens/-/js-tokens-4.0.0.tgz 12679ms (cache miss)
npm http fetch GET 200 https://registry.npmjs.org/@babel/plugin-transform-react-jsx-self/-/plugin-transform-react-jsx-self-7.29.7.tgz 12724ms (cache miss)
npm http fetch GET 200 https://registry.npmjs.org/convert-source-map/-/convert-source-map-2.0.0.tgz 12761ms (cache miss)
npm http fetch GET 200 https://registry.npmjs.org/@emotion/memoize/-/memoize-0.9.0.tgz 12756ms (cache miss)
npm http fetch GET 200 https://registry.npmjs.org/@emotion/unitless/-/unitless-0.10.0.tgz 12756ms (cache miss)
npm http fetch GET 200 https://registry.npmjs.org/@emotion/serialize/-/serialize-1.3.3.tgz 12838ms (cache miss)
npm http fetch GET 200 https://registry.npmjs.org/@emotion/use-insertion-effect-with-fallbacks/-/use-insertion-effect-with-fallbacks-1.2.0.tgz 12862ms (cache miss)
npm http fetch GET 200 https://registry.npmjs.org/hoist-non-react-statics/-/hoist-non-react-statics-3.3.2.tgz 12988ms (cache miss)
npm http fetch GET 200 https://registry.npmjs.org/@types/babel__core/-/babel__core-7.20.5.tgz 13073ms (cache miss)
npm http fetch GET 200 https://registry.npmjs.org/node-releases/-/node-releases-2.0.50.tgz 13163ms (cache miss)
npm http fetch GET 200 https://registry.npmjs.org/@mui/core-downloads-tracker/-/core-downloads-tracker-6.5.0.tgz 13185ms (cache miss)
npm http fetch GET 200 https://registry.npmjs.org/@jridgewell/resolve-uri/-/resolve-uri-3.1.2.tgz 13241ms (cache miss)
npm http fetch GET 200 https://registry.npmjs.org/@emotion/weak-memoize/-/weak-memoize-0.4.0.tgz 13319ms (cache miss)
npm http fetch GET 200 https://registry.npmjs.org/react-is/-/react-is-16.13.1.tgz 13408ms (cache miss)
npm http fetch GET 200 https://registry.npmjs.org/@types/babel__generator/-/babel__generator-7.27.0.tgz 13528ms (cache miss)
npm http fetch GET 200 https://registry.npmjs.org/@emotion/sheet/-/sheet-1.4.0.tgz 13852ms (cache miss)
npm http fetch GET 200 https://registry.npmjs.org/@emotion/memoize/-/memoize-0.9.0.tgz 14431ms (cache miss)
npm http fetch GET 200 https://registry.npmjs.org/@emotion/memoize/-/memoize-0.9.0.tgz 14429ms (cache miss)
npm http fetch GET 200 https://registry.npmjs.org/@emotion/memoize/-/memoize-0.9.0.tgz 14423ms (cache miss)
npm http fetch GET 200 https://registry.npmjs.org/@emotion/hash/-/hash-0.9.2.tgz 14451ms (cache miss)
npm http fetch GET 200 https://registry.npmjs.org/@jridgewell/resolve-uri/-/resolve-uri-3.1.2.tgz 14637ms (cache miss)
npm http fetch GET 200 https://registry.npmjs.org/@jridgewell/resolve-uri/-/resolve-uri-3.1.2.tgz 14620ms (cache miss)
npm http fetch GET 200 https://registry.npmjs.org/react-is/-/react-is-16.13.1.tgz 14836ms (cache miss)
npm http fetch GET 200 https://registry.npmjs.org/@emotion/hash/-/hash-0.9.2.tgz 15221ms (cache miss)
npm http fetch GET 200 https://registry.npmjs.org/picocolors/-/picocolors-1.1.1.tgz 15369ms (cache miss)
npm http fetch GET 200 https://registry.npmjs.org/semver/-/semver-6.3.1.tgz 16740ms (cache miss)
npm http fetch GET 200 https://registry.npmjs.org/@rolldown/pluginutils/-/pluginutils-1.0.0-beta.27.tgz 16846ms (cache miss)
npm http fetch GET 200 https://registry.npmjs.org/loose-envify/-/loose-envify-1.4.0.tgz 16990ms (cache miss)
npm http fetch GET 200 https://registry.npmjs.org/tinyglobby/-/tinyglobby-0.2.17.tgz 17507ms (cache miss)
npm http fetch GET 200 https://registry.npmjs.org/@types/babel__traverse/-/babel__traverse-7.28.0.tgz 18887ms (cache miss)
npm http fetch GET 200 https://registry.npmjs.org/debug/-/debug-4.4.3.tgz 19038ms (cache miss)
npm http fetch GET 200 https://registry.npmjs.org/@vitejs/plugin-react/-/plugin-react-4.7.0.tgz 19329ms (cache miss)
npm http fetch GET 200 https://registry.npmjs.org/@jridgewell/resolve-uri/-/resolve-uri-3.1.2.tgz 19745ms (cache miss)
npm http fetch GET 200 https://registry.npmjs.org/@types/react-dom/-/react-dom-18.3.7.tgz 19783ms (cache miss)
npm http fetch GET 200 https://registry.npmjs.org/@babel/helper-validator-identifier/-/helper-validator-identifier-7.29.7.tgz 19938ms (cache miss)
npm http fetch GET 200 https://registry.npmjs.org/clsx/-/clsx-2.1.1.tgz 20094ms (cache miss)
npm http fetch GET 200 https://registry.npmjs.org/function-bind/-/function-bind-1.1.2.tgz 20893ms (cache miss)
npm http fetch GET 200 https://registry.npmjs.org/browserslist/-/browserslist-4.28.4.tgz 21817ms (cache miss)
npm http fetch GET 200 https://registry.npmjs.org/@babel/helper-module-imports/-/helper-module-imports-7.29.7.tgz 23472ms (cache miss)
npm http fetch GET 200 https://registry.npmjs.org/@babel/helper-module-imports/-/helper-module-imports-7.29.7.tgz 23582ms (cache miss)
npm http fetch GET 200 https://registry.npmjs.org/electron-to-chromium/-/electron-to-chromium-1.5.385.tgz 24795ms (cache miss)
npm http fetch GET 200 https://registry.npmjs.org/prop-types/-/prop-types-15.8.1.tgz 24798ms (cache miss)
npm http fetch GET 200 https://registry.npmjs.org/@emotion/is-prop-valid/-/is-prop-valid-1.4.0.tgz 24941ms (cache miss)
npm http fetch GET 200 https://registry.npmjs.org/esbuild/-/esbuild-0.25.12.tgz 26056ms (cache miss)
npm http fetch GET 200 https://registry.npmjs.org/baseline-browser-mapping/-/baseline-browser-mapping-2.10.41.tgz 26859ms (cache miss)
npm http fetch GET 200 https://registry.npmjs.org/picomatch/-/picomatch-4.0.5.tgz 28122ms (cache miss)
npm http fetch GET 200 https://registry.npmjs.org/scheduler/-/scheduler-0.23.2.tgz 29208ms (cache miss)
npm http fetch GET 200 https://registry.npmjs.org/@babel/helper-compilation-targets/-/helper-compilation-targets-7.29.7.tgz 29446ms (cache miss)
npm http fetch GET 200 https://registry.npmjs.org/@emotion/sheet/-/sheet-1.4.0.tgz 29971ms (cache miss)
npm http fetch GET 200 https://registry.npmjs.org/source-map-js/-/source-map-js-1.2.1.tgz 30764ms (cache miss)
npm http fetch GET 200 https://registry.npmjs.org/stylis/-/stylis-4.2.0.tgz 31328ms (cache miss)
npm http fetch GET 200 https://registry.npmjs.org/stylis/-/stylis-4.2.0.tgz 31325ms (cache miss)
npm http fetch GET 200 https://registry.npmjs.org/@babel/template/-/template-7.29.7.tgz 32117ms (cache miss)
npm http fetch GET 200 https://registry.npmjs.org/@emotion/utils/-/utils-1.4.2.tgz 32573ms (cache miss)
npm http fetch GET 200 https://registry.npmjs.org/json5/-/json5-2.2.3.tgz 33468ms (cache miss)
npm http fetch GET 200 https://registry.npmjs.org/@babel/helper-module-transforms/-/helper-module-transforms-7.29.7.tgz 33683ms (cache miss)
npm http fetch GET 200 https://registry.npmjs.org/@types/react/-/react-18.3.31.tgz 34072ms (cache miss)
npm http fetch GET 200 https://registry.npmjs.org/react/-/react-18.3.1.tgz 34573ms (cache miss)
npm http fetch GET 200 https://registry.npmjs.org/@emotion/babel-plugin/-/babel-plugin-11.13.5.tgz 35913ms (cache miss)
npm http fetch GET 200 https://registry.npmjs.org/@jridgewell/sourcemap-codec/-/sourcemap-codec-1.5.5.tgz 36048ms (cache miss)
npm http fetch GET 200 https://registry.npmjs.org/csstype/-/csstype-3.2.3.tgz 36267ms (cache miss)
npm http fetch GET 200 https://registry.npmjs.org/@mui/styled-engine/-/styled-engine-6.5.0.tgz 38184ms (cache miss)
npm http fetch GET 200 https://registry.npmjs.org/source-map/-/source-map-0.5.7.tgz 38373ms (cache miss)
npm http fetch GET 200 https://registry.npmjs.org/@jridgewell/remapping/-/remapping-2.3.5.tgz 38852ms (cache miss)
npm http fetch GET 200 https://registry.npmjs.org/@jridgewell/gen-mapping/-/gen-mapping-0.3.13.tgz 38954ms (cache miss)
npm http fetch GET 200 https://registry.npmjs.org/@jridgewell/gen-mapping/-/gen-mapping-0.3.13.tgz 39033ms (cache miss)
npm http fetch GET 200 https://registry.npmjs.org/@jridgewell/gen-mapping/-/gen-mapping-0.3.13.tgz 39069ms (cache miss)
npm http fetch GET 200 https://registry.npmjs.org/@jridgewell/gen-mapping/-/gen-mapping-0.3.13.tgz 39249ms (cache miss)
npm http fetch GET 200 https://registry.npmjs.org/react-router/-/react-router-6.30.4.tgz 39619ms (cache miss)
npm http fetch GET 200 https://registry.npmjs.org/@mui/private-theming/-/private-theming-6.4.9.tgz 40844ms (cache miss)
npm http fetch GET 200 https://registry.npmjs.org/react-router-dom/-/react-router-dom-6.30.4.tgz 41145ms (cache miss)
npm http fetch GET 200 https://registry.npmjs.org/@rollup/rollup-win32-x64-gnu/-/rollup-win32-x64-gnu-4.62.2.tgz 42246ms (cache miss)
npm http fetch GET 200 https://registry.npmjs.org/@babel/parser/-/parser-7.29.7.tgz 43054ms (cache miss)
npm http fetch GET 200 https://registry.npmjs.org/cosmiconfig/-/cosmiconfig-7.1.0.tgz 44728ms (cache miss)
npm http fetch GET 200 https://registry.npmjs.org/@emotion/cache/-/cache-11.14.0.tgz 44782ms (cache miss)
npm http fetch GET 200 https://registry.npmjs.org/react-transition-group/-/react-transition-group-4.4.5.tgz 45068ms (cache miss)
npm http fetch GET 200 https://registry.npmjs.org/@rollup/rollup-win32-x64-msvc/-/rollup-win32-x64-msvc-4.62.2.tgz 47863ms (cache miss)
npm http fetch GET 200 https://registry.npmjs.org/@babel/generator/-/generator-7.29.7.tgz 49146ms (cache miss)
npm http fetch GET 200 https://registry.npmjs.org/@jridgewell/trace-mapping/-/trace-mapping-0.3.31.tgz 49267ms (cache miss)
npm http fetch GET 200 https://registry.npmjs.org/@jridgewell/trace-mapping/-/trace-mapping-0.3.31.tgz 49261ms (cache miss)
npm http fetch GET 200 https://registry.npmjs.org/@babel/generator/-/generator-7.29.7.tgz 49478ms (cache miss)
npm http fetch GET 200 https://registry.npmjs.org/@jridgewell/trace-mapping/-/trace-mapping-0.3.31.tgz 49635ms (cache miss)
npm http fetch GET 200 https://registry.npmjs.org/@babel/generator/-/generator-7.29.7.tgz 49662ms (cache miss)
npm http fetch GET 200 https://registry.npmjs.org/@jridgewell/trace-mapping/-/trace-mapping-0.3.31.tgz 49723ms (cache miss)
npm http fetch GET 200 https://registry.npmjs.org/postcss/-/postcss-8.5.16.tgz 50146ms (cache miss)
npm http fetch GET 200 https://registry.npmjs.org/@remix-run/router/-/router-1.23.3.tgz 54952ms (cache miss)
npm http fetch GET 200 https://registry.npmjs.org/yaml/-/yaml-1.10.3.tgz 55129ms (cache miss)
npm http fetch GET 200 https://registry.npmjs.org/rollup/-/rollup-4.62.2.tgz 57831ms (cache miss)
npm http fetch GET 200 https://registry.npmjs.org/@babel/traverse/-/traverse-7.29.7.tgz 57911ms (cache miss)
npm http fetch GET 200 https://registry.npmjs.org/@babel/traverse/-/traverse-7.29.7.tgz 58202ms (cache miss)
npm http fetch GET 200 https://registry.npmjs.org/@babel/traverse/-/traverse-7.29.7.tgz 58187ms (cache miss)
npm http fetch GET 200 https://registry.npmjs.org/vite/-/vite-6.4.3.tgz 60075ms (cache miss)
npm http fetch GET 200 https://registry.npmjs.org/@emotion/styled/-/styled-11.14.1.tgz 60485ms (cache miss)
npm http fetch GET 200 https://registry.npmjs.org/react-dom/-/react-dom-18.3.1.tgz 66467ms (cache miss)
npm http fetch GET 200 https://registry.npmjs.org/resolve/-/resolve-1.22.12.tgz 77207ms (cache miss)
npm http fetch GET 200 https://registry.npmjs.org/@babel/core/-/core-7.29.7.tgz 81168ms (cache miss)
npm http fetch GET 200 https://registry.npmjs.org/@emotion/react/-/react-11.14.0.tgz 86615ms (cache miss)
npm http fetch GET 200 https://registry.npmjs.org/@esbuild/win32-x64/-/win32-x64-0.25.12.tgz 101628ms (cache miss)
npm http fetch GET 200 https://registry.npmjs.org/@babel/types/-/types-7.29.7.tgz 120245ms (cache miss)
npm http fetch GET 200 https://registry.npmjs.org/@babel/types/-/types-7.29.7.tgz 120231ms (cache miss)
npm http fetch GET 200 https://registry.npmjs.org/@babel/types/-/types-7.29.7.tgz 120269ms (cache miss)
npm http fetch GET 200 https://registry.npmjs.org/@babel/types/-/types-7.29.7.tgz 120273ms (cache miss)
npm http fetch GET 200 https://registry.npmjs.org/@babel/types/-/types-7.29.7.tgz 120277ms (cache miss)
npm http fetch GET 200 https://registry.npmjs.org/@babel/types/-/types-7.29.7.tgz 120281ms (cache miss)
npm http fetch GET 200 https://registry.npmjs.org/@babel/types/-/types-7.29.7.tgz 120358ms (cache miss)
npm http fetch GET 200 https://registry.npmjs.org/@babel/types/-/types-7.29.7.tgz 120492ms (cache miss)
npm http fetch GET 200 https://registry.npmjs.org/@babel/types/-/types-7.29.7.tgz 120738ms (cache miss)
npm http fetch GET 200 https://registry.npmjs.org/@babel/runtime/-/runtime-7.29.7.tgz 121757ms (cache miss)
npm http fetch GET 200 https://registry.npmjs.org/@babel/helpers/-/helpers-7.29.7.tgz 122992ms (cache miss)
npm http fetch GET 200 https://registry.npmjs.org/yaml/-/yaml-2.9.0.tgz 123012ms (cache miss)
npm http fetch GET 200 https://registry.npmjs.org/dom-helpers/-/dom-helpers-5.2.1.tgz 126180ms (cache miss)
npm http fetch GET 200 https://registry.npmjs.org/@popperjs/core/-/core-2.11.8.tgz 126904ms (cache miss)
npm http fetch GET 200 https://registry.npmjs.org/typescript/-/typescript-5.9.3.tgz 135003ms (cache miss)
npm http fetch GET 200 https://registry.npmjs.org/@mui/utils/-/utils-6.4.9.tgz 137168ms (cache miss)
npm http fetch GET 200 https://registry.npmjs.org/@mui/system/-/system-6.5.0.tgz 138148ms (cache miss)
npm http fetch GET 200 https://registry.npmjs.org/caniuse-lite/-/caniuse-lite-1.0.30001800.tgz 145596ms (cache miss)
npm http fetch GET 200 https://registry.npmjs.org/@mui/material/-/material-6.5.0.tgz 181094ms (cache miss)
